<?xml version="1.0" encoding="UTF-8"?>
<!-- Generated by org.testng.reporters.JUnitReportReporter -->
<testsuite hostname="DESKTOP-RG3TITP" failures="0" tests="2" name="utils.ExcelDataProvider" time="15.460" errors="0" timestamp="2021-01-21T17:23:19 IST" skipped="0">
  <testcase classname="utils.ExcelDataProvider" name="test1" time="8.366"/>
  <system-out/>
  <testcase classname="utils.ExcelDataProvider" name="test1" time="7.094"/>
  <system-out/>
</testsuite> <!-- utils.ExcelDataProvider -->
